<?xml version="1.0" encoding="UTF-8"?>
<testsuite name="languagebasic.ArrayPackingTest" tests="3" skipped="0" failures="0" errors="0" timestamp="2020-11-22T14:04:56" hostname="swe" time="0.026">
  <properties/>
  <testcase name="givenArrInt_whenValid_thenReturnResult" classname="languagebasic.ArrayPackingTest" time="0.002"/>
  <testcase name="givenArrInt_whenElementNotInRange_thenThrowException" classname="languagebasic.ArrayPackingTest" time="0.024"/>
  <testcase name="givenArrInt_whenLengthNotSatisfied_thenThrowException" classname="languagebasic.ArrayPackingTest" time="0.0"/>
  <system-out><![CDATA[]]></system-out>
  <system-err><![CDATA[]]></system-err>
</testsuite>
